2014-12-02-13:35:17
raw data: ['165', '1351', '232', '1394', '315', '1581', '231', '1498']
interval: [1186, 1162, 1266, 1267]
average: 1220
shot2shot: 3050.0
------------------------------------------------------------
2014-12-02-13:40:09
raw data: ['201', '1425', '187', '1441', '449', '1590', '302', '1793']
interval: [1224, 1254, 1141, 1491]
average: 1277
shot2shot: 3192.5
------------------------------------------------------------
2014-12-04-10:33:06
raw data: ['210', '1524', '194', '1465', '165', '1207', '226', '1416', '225', '1313']
interval: [1314, 1271, 1042, 1190, 1088]
average: 1181
shot2shot: 2952.5
------------------------------------------------------------
2014-12-09-18:28:09
raw data: ['155', '1468', '195', '1491', '240', '1607', '255', '1546']
interval: [1313, 1296, 1367, 1291]
average: 1316
shot2shot: 3290.0
------------------------------------------------------------
2014-12-09-18:30:56
raw data: ['159', '1644', '138', '1565', '196', '1673', '203', '1476']
interval: [1485, 1427, 1477, 1273]
average: 1415
shot2shot: 3537.5
------------------------------------------------------------
2014-12-10-14:07:57
raw data: ['261', '1490', '251', '1475', '255', '1536', '233', '1457', '300', '1604']
interval: [1229, 1224, 1281, 1224, 1304]
average: 1252
shot2shot: 3130.0
------------------------------------------------------------
2014-12-16-13:36:31
raw data: ['198', '1704', '252', '1894', '292', '1675', '199', '1839']
interval: [1506, 1642, 1383, 1640]
average: 1542
shot2shot: 3855.0
------------------------------------------------------------
2014-12-16-15:10:16
raw data: ['195', '1822', '272', '1961', '185', '1800', '186', '1810']
interval: [1627, 1689, 1615, 1624]
average: 1638
shot2shot: 4095.0
------------------------------------------------------------
2014-12-16-15:55:56
raw data: ['116', '1891', '146', '1769', '125', '1723', '157', '1686']
interval: [1775, 1623, 1598, 1529]
average: 1631
shot2shot: 4077.5
------------------------------------------------------------
2014-12-17-14:48:48
raw data: ['128', '1187', '171', '1230', '195', '1335', '120', '1421']
interval: [1059, 1059, 1140, 1301]
average: 1139
shot2shot: 2847.5
------------------------------------------------------------
2014-12-17-14:49:47
raw data: ['128', '1187', '171', '1230', '195', '1335']
interval: [1059, 1059, 1140]
average: 1086
shot2shot: 2715.0
------------------------------------------------------------
