2014-12-02-13:26:01
raw data: ['71', '717', '357', '2', '640', '253', '863', '500', '121', '721', '335']
interval: [354, 360, 355, 362, 387, 390, 363, 379, 400, 386]
average: 373.6
shot2shot: 1494.4
------------------------------------------------------------
2014-12-02-13:30:34
raw data: ['199', '868', '380', '948', '486', '81', '600', '125', '643', '212', '757']
interval: [331, 488, 432, 462, 405, 481, 475, 482, 431, 455]
average: 444.2
shot2shot: 1776.8
------------------------------------------------------------
2014-12-04-10:38:07
raw data: ['673', '287', '899', '417', '49', '648', '230', '867', '479', '96', '632', '234', '817', '423', '16', '607', '130', '757']
interval: [386, 388, 482, 368, 401, 418, 363, 388, 383, 464, 398, 417, 394, 407, 409, 477, 373]
average: 406.823529412
shot2shot: 1627.29411765
------------------------------------------------------------
2014-12-09-15:22:54
raw data: ['953', '877', '338', '297', '759', '691', '172', '999', '955', '453', '473', '975', '933', '392']
interval: [76, 539, 41, 538, 68, 519, 173, 44, 502, 980, 498, 42, 541]
average: 350.846153846
shot2shot: 1403.38461538
------------------------------------------------------------
2014-12-09-16:05:18
raw data: ['34', '518', '517', '957', '891', '370', '369', '845']
interval: [516, 1, 560, 66, 521, 1, 524]
average: 312.714285714
shot2shot: 1250.85714286
------------------------------------------------------------
2014-12-09-16:09:47
raw data: ['775', '560', '996', '568', '178', '986', '570', '675']
interval: [215, 564, 428, 390, 192, 416, 895]
average: 442.857142857
shot2shot: 4428.57142857
------------------------------------------------------------
2014-12-16-13:43:27
raw data: ['256', '797', '200', '718', '242', '737', '254', '800', '268', '792', '296', '792']
interval: [459, 597, 482, 476, 505, 483, 454, 532, 476, 496, 504]
average: 496.727272727
shot2shot: 1986.90909091
------------------------------------------------------------
2014-12-16-15:12:56
raw data: ['178', '662', '190', '697', '154', '665', '154', '660', '108', '548']
interval: [516, 472, 493, 543, 489, 511, 494, 552, 560]
average: 514.444444444
shot2shot: 2057.77777778
------------------------------------------------------------
2014-12-16-15:30:18
raw data: ['666', '275', '819', '420', '214', '801', '557', '320']
interval: [391, 456, 399, 206, 413, 244, 237]
average: 335.142857143
shot2shot: 3351.42857143
------------------------------------------------------------
2014-12-17-14:41:12
raw data: ['769', '382', '998']
interval: [387, 384]
average: 385.5
shot2shot: 1542.0
------------------------------------------------------------
2014-12-17-14:43:38
raw data: ['242', '811', '354', '935', '500', '84', '494', '300', '896']
interval: [431, 457, 419, 435, 416, 590, 194, 404]
average: 418.25
shot2shot: 1673.0
------------------------------------------------------------
